0 info it worked if it ends with ok
1 verbose cli [ 'node', '/usr/local/bin/npm', 'install', 'bower' ]
2 info using npm@2.1.18
3 info using node@v0.10.35
4 silly cache add args [ 'bower', null ]
5 verbose cache add spec bower
6 silly cache add parsed spec { raw: 'bower',
6 silly cache add   scope: null,
6 silly cache add   name: 'bower',
6 silly cache add   rawSpec: '',
6 silly cache add   spec: '*',
6 silly cache add   type: 'range' }
7 verbose addNamed bower@*
8 silly addNamed semver.valid null
9 silly addNamed semver.validRange *
10 silly addNameRange { name: 'bower', range: '*', hasData: false }
11 silly mapToRegistry name bower
12 silly mapToRegistry using default registry
13 silly mapToRegistry registry https://registry.npmjs.org/
14 silly mapToRegistry uri https://registry.npmjs.org/bower
15 verbose addNameRange registry:https://registry.npmjs.org/bower not in flight; fetching
16 verbose request uri https://registry.npmjs.org/bower
17 verbose request no auth needed
18 info attempt registry request try #1 at 23:10:03
19 verbose request id d59310a0227c279c
20 verbose etag "232E5M840FMIC7FBPX3GZWKF1"
21 http request GET https://registry.npmjs.org/bower
22 http 304 https://registry.npmjs.org/bower
23 silly get cb [ 304,
23 silly get   { date: 'Mon, 12 Jan 2015 23:10:03 GMT',
23 silly get     server: 'Apache',
23 silly get     via: '1.1 varnish',
23 silly get     'last-modified': 'Mon, 12 Jan 2015 23:09:37 GMT',
23 silly get     'cache-control': 'max-age=60',
23 silly get     etag: '"232E5M840FMIC7FBPX3GZWKF1"',
23 silly get     age: '26',
23 silly get     'x-served-by': 'cache-lcy1132-LCY',
23 silly get     'x-cache': 'HIT',
23 silly get     'x-cache-hits': '2',
23 silly get     'x-timer': 'S1421104203.608625,VS0,VE0',
23 silly get     vary: 'Accept',
23 silly get     'content-length': '0',
23 silly get     'keep-alive': 'timeout=10, max=50',
23 silly get     connection: 'Keep-Alive' } ]
24 verbose etag https://registry.npmjs.org/bower from cache
25 silly addNameRange number 2 { name: 'bower', range: '*', hasData: true }
26 silly addNameRange versions [ 'bower',
26 silly addNameRange   [ '0.1.0',
26 silly addNameRange     '0.1.2',
26 silly addNameRange     '0.1.3',
26 silly addNameRange     '0.2.0',
26 silly addNameRange     '0.3.0',
26 silly addNameRange     '0.3.1',
26 silly addNameRange     '0.3.2',
26 silly addNameRange     '0.4.0',
26 silly addNameRange     '0.5.0',
26 silly addNameRange     '0.5.1',
26 silly addNameRange     '0.6.0',
26 silly addNameRange     '0.6.1',
26 silly addNameRange     '0.6.2',
26 silly addNameRange     '0.6.3',
26 silly addNameRange     '0.6.4',
26 silly addNameRange     '0.6.5',
26 silly addNameRange     '0.6.6',
26 silly addNameRange     '0.6.7',
26 silly addNameRange     '0.6.8',
26 silly addNameRange     '0.7.0',
26 silly addNameRange     '0.7.1',
26 silly addNameRange     '0.8.0',
26 silly addNameRange     '0.8.1',
26 silly addNameRange     '0.8.2',
26 silly addNameRange     '0.8.3',
26 silly addNameRange     '0.8.4',
26 silly addNameRange     '0.8.5',
26 silly addNameRange     '0.8.6',
26 silly addNameRange     '0.9.0',
26 silly addNameRange     '0.9.1',
26 silly addNameRange     '0.9.2',
26 silly addNameRange     '0.10.0',
26 silly addNameRange     '1.0.0',
26 silly addNameRange     '1.0.1',
26 silly addNameRange     '1.0.2',
26 silly addNameRange     '1.0.3',
26 silly addNameRange     '1.1.0',
26 silly addNameRange     '1.1.1',
26 silly addNameRange     '1.1.2',
26 silly addNameRange     '1.2.0',
26 silly addNameRange     '1.2.1',
26 silly addNameRange     '1.2.2',
26 silly addNameRange     '1.2.3',
26 silly addNameRange     '1.2.4',
26 silly addNameRange     '1.2.5',
26 silly addNameRange     '1.2.6',
26 silly addNameRange     '1.2.7',
26 silly addNameRange     '1.2.8',
26 silly addNameRange     '1.3.0',
26 silly addNameRange     '1.3.1',
26 silly addNameRange     '1.3.2',
26 silly addNameRange     '1.3.3',
26 silly addNameRange     '1.3.4',
26 silly addNameRange     '1.3.5',
26 silly addNameRange     '1.3.6',
26 silly addNameRange     '1.3.7',
26 silly addNameRange     '1.3.8',
26 silly addNameRange     '1.3.9',
26 silly addNameRange     '1.3.10',
26 silly addNameRange     '1.3.11',
26 silly addNameRange     '1.3.12' ] ]
27 verbose addNamed bower@1.3.12
28 silly addNamed semver.valid 1.3.12
29 silly addNamed semver.validRange 1.3.12
30 silly cache afterAdd bower@1.3.12
31 verbose afterAdd /Users/fabioruolo/.npm/bower/1.3.12/package/package.json not in flight; writing
32 verbose afterAdd /Users/fabioruolo/.npm/bower/1.3.12/package/package.json written
33 silly install resolved [ { name: 'bower',
33 silly install resolved     version: '1.3.12',
33 silly install resolved     description: 'The browser package manager',
33 silly install resolved     author: { name: 'Twitter' },
33 silly install resolved     licenses: [ [Object] ],
33 silly install resolved     repository: { type: 'git', url: 'https://github.com/bower/bower' },
33 silly install resolved     main: 'lib',
33 silly install resolved     homepage: 'http://bower.io',
33 silly install resolved     engines: { node: '>=0.10.0' },
33 silly install resolved     dependencies:
33 silly install resolved      { abbrev: '~1.0.4',
33 silly install resolved        archy: '0.0.2',
33 silly install resolved        'bower-config': '~0.5.2',
33 silly install resolved        'bower-endpoint-parser': '~0.2.2',
33 silly install resolved        'bower-json': '~0.4.0',
33 silly install resolved        'bower-logger': '~0.2.2',
33 silly install resolved        'bower-registry-client': '~0.2.0',
33 silly install resolved        cardinal: '0.4.0',
33 silly install resolved        chalk: '0.5.0',
33 silly install resolved        chmodr: '0.1.0',
33 silly install resolved        'decompress-zip': '0.0.8',
33 silly install resolved        fstream: '~1.0.2',
33 silly install resolved        'fstream-ignore': '~1.0.1',
33 silly install resolved        glob: '~4.0.2',
33 silly install resolved        'graceful-fs': '~3.0.1',
33 silly install resolved        handlebars: '~2.0.0',
33 silly install resolved        inquirer: '0.7.1',
33 silly install resolved        insight: '0.4.3',
33 silly install resolved        'is-root': '~1.0.0',
33 silly install resolved        junk: '~1.0.0',
33 silly install resolved        lockfile: '~1.0.0',
33 silly install resolved        'lru-cache': '~2.5.0',
33 silly install resolved        mkdirp: '0.5.0',
33 silly install resolved        mout: '~0.9.0',
33 silly install resolved        nopt: '~3.0.0',
33 silly install resolved        opn: '~1.0.0',
33 silly install resolved        osenv: '0.1.0',
33 silly install resolved        'p-throttler': '0.1.0',
33 silly install resolved        promptly: '0.2.0',
33 silly install resolved        q: '~1.0.1',
33 silly install resolved        request: '~2.42.0',
33 silly install resolved        'request-progress': '0.3.0',
33 silly install resolved        retry: '0.6.0',
33 silly install resolved        rimraf: '~2.2.0',
33 silly install resolved        semver: '~2.3.0',
33 silly install resolved        'shell-quote': '~1.4.1',
33 silly install resolved        'stringify-object': '~1.0.0',
33 silly install resolved        'tar-fs': '0.5.2',
33 silly install resolved        tmp: '0.0.23',
33 silly install resolved        'update-notifier': '0.2.0',
33 silly install resolved        which: '~1.0.5' },
33 silly install resolved     devDependencies:
33 silly install resolved      { coveralls: '~2.11.0',
33 silly install resolved        'expect.js': '~0.3.1',
33 silly install resolved        grunt: '~0.4.4',
33 silly install resolved        'grunt-cli': '^0.1.13',
33 silly install resolved        'grunt-contrib-jshint': '~0.10.0',
33 silly install resolved        'grunt-contrib-watch': '~0.6.1',
33 silly install resolved        'grunt-exec': '~0.4.2',
33 silly install resolved        'grunt-simple-mocha': '~0.4.0',
33 silly install resolved        istanbul: '~0.3.2',
33 silly install resolved        'load-grunt-tasks': '~0.6.0',
33 silly install resolved        mocha: '~1.21.4',
33 silly install resolved        nock: '~0.46.0',
33 silly install resolved        'node-uuid': '~1.4.1',
33 silly install resolved        proxyquire: '~1.0.1' },
33 silly install resolved     scripts: { test: 'grunt test' },
33 silly install resolved     bin: { bower: 'bin/bower' },
33 silly install resolved     preferGlobal: true,
33 silly install resolved     gitHead: 'b26c072f0db054a1902ec4d2e3726dbf8a1c799a',
33 silly install resolved     bugs: { url: 'https://github.com/bower/bower/issues' },
33 silly install resolved     _id: 'bower@1.3.12',
33 silly install resolved     _shasum: '37de0edb3904baf90aee13384a1a379a05ee214c',
33 silly install resolved     _from: 'bower@*',
33 silly install resolved     _npmVersion: '2.0.0',
33 silly install resolved     _npmUser: { name: 'sheerun', email: 'sheerun@sher.pl' },
33 silly install resolved     maintainers: [ [Object], [Object], [Object], [Object], [Object], [Object] ],
33 silly install resolved     dist:
33 silly install resolved      { shasum: '37de0edb3904baf90aee13384a1a379a05ee214c',
33 silly install resolved        tarball: 'http://registry.npmjs.org/bower/-/bower-1.3.12.tgz' },
33 silly install resolved     directories: {},
33 silly install resolved     _resolved: 'https://registry.npmjs.org/bower/-/bower-1.3.12.tgz',
33 silly install resolved     readme: 'ERROR: No README data found!' } ]
34 info install bower@1.3.12 into /Users/fabioruolo/Desktop/projects/skeleton
35 info installOne bower@1.3.12
36 verbose installOne of bower to /Users/fabioruolo/Desktop/projects/skeleton not in flight; installing
37 warn locking Error: EACCES, open '/Users/fabioruolo/.npm/_locks/bower-109dbe91f6c4e30f.lock'
37 warn locking  /Users/fabioruolo/.npm/_locks/bower-109dbe91f6c4e30f.lock failed { [Error: EACCES, open '/Users/fabioruolo/.npm/_locks/bower-109dbe91f6c4e30f.lock']
37 warn locking   errno: 3,
37 warn locking   code: 'EACCES',
37 warn locking   path: '/Users/fabioruolo/.npm/_locks/bower-109dbe91f6c4e30f.lock' }
38 verbose stack Error: Attempt to unlock /Users/fabioruolo/Desktop/projects/skeleton/node_modules/bower, which hasn't been locked
38 verbose stack     at unlock (/usr/local/lib/node_modules/npm/lib/utils/locker.js:66:11)
38 verbose stack     at cb (/usr/local/lib/node_modules/npm/lib/install.js:929:5)
38 verbose stack     at /usr/local/lib/node_modules/npm/lib/install.js:933:20
38 verbose stack     at /usr/local/lib/node_modules/npm/lib/utils/locker.js:40:9
38 verbose stack     at cb (/usr/local/lib/node_modules/npm/node_modules/lockfile/lockfile.js:149:38)
38 verbose stack     at /usr/local/lib/node_modules/npm/node_modules/lockfile/lockfile.js:177:38
38 verbose stack     at Object.oncomplete (fs.js:108:15)
39 verbose cwd /Users/fabioruolo/Desktop/projects/skeleton
40 error Darwin 14.0.0
41 error argv "node" "/usr/local/bin/npm" "install" "bower"
42 error node v0.10.35
43 error npm  v2.1.18
44 error Attempt to unlock /Users/fabioruolo/Desktop/projects/skeleton/node_modules/bower, which hasn't been locked
45 error If you need help, you may report this error at:
45 error     <http://github.com/npm/npm/issues>
46 verbose exit [ 1, true ]
